<?xml version="1.0" encoding="UTF-8"?>
<!-- Generated by org.testng.reporters.JUnitXMLReporter -->
<testsuite ignored="0" hostname="Surajs-MacBook-Air.local" failures="1" tests="4" name="Command line test" time="175.525" errors="0" timestamp="2026-02-02T08:50:45 IST">
  <testcase classname="com.packa.ErrorValTest" name="Funct1" time="4.354">
    <failure type="java.lang.AssertionError" message="expected [Incorrect email password.] but found [Incorrect email or password.]">
      <![CDATA[java.lang.AssertionError: expected [Incorrect email password.] but found [Incorrect email or password.]
at com.packa.ErrorValTest.Funct1(ErrorValTest.java:16)
at java.base/java.util.ArrayList.forEach(ArrayList.java:1511)
... Removed 39 stack frames]]>
    </failure>
  </testcase> <!-- Funct1 -->
  <testcase classname="com.packa.ErrorValTest" name="Funct2" time="25.157"/>
  <testcase classname="com.packa.OperationsTest" name="Func3" time="22.088"/>
  <testcase classname="com.packa.OperationsTest" name="Func4" time="13.112"/>
</testsuite> <!-- Command line test -->
