<?xml version="1.0" encoding="UTF-8"?>
<testng-results ignored="0" total="1" passed="1" failed="0" skipped="0">
  <reporter-output>
  </reporter-output>
  <suite started-at="2026-03-02T09:52:39 IST" name="Surefire suite" finished-at="2026-03-02T09:52:43 IST" duration-ms="4130">
    <groups>
      <group name="cucumber">
        <method signature="AbstractTestNGCucumberTests.runScenario(io.cucumber.testng.PickleWrapper,io.cucumber.testng.FeatureWrapper)[pri:0, instance:com.stepDef.TestNgrunners@15b204a1]" name="runScenario" class="io.cucumber.testng.AbstractTestNGCucumberTests"/>
      </group> <!-- cucumber -->
    </groups>
    <test started-at="2026-03-02T09:52:39 IST" name="Surefire test" finished-at="2026-03-02T09:52:43 IST" duration-ms="4130">
      <class name="com.stepDef.TestNgrunners">
        <test-method is-config="true" signature="setUpClass(org.testng.ITestContext)[pri:0, instance:com.stepDef.TestNgrunners@15b204a1]" started-at="2026-03-02T09:52:39 IST" name="setUpClass" finished-at="2026-03-02T09:52:40 IST" duration-ms="261" status="PASS">
          <params>
            <param index="0">
              <value>
                <![CDATA[org.testng.TestRunner@43a0a32d]]>
              </value>
            </param>
          </params>
          <reporter-output>
          </reporter-output>
        </test-method> <!-- setUpClass -->
        <test-method signature="runScenario(io.cucumber.testng.PickleWrapper,io.cucumber.testng.FeatureWrapper)[pri:0, instance:com.stepDef.TestNgrunners@15b204a1]" started-at="2026-03-02T09:52:40 IST" name="runScenario" description="Runs Cucumber Scenarios" data-provider="scenarios" finished-at="2026-03-02T09:52:43 IST" duration-ms="3840" status="PASS">
          <params>
            <param index="0">
              <value>
                <![CDATA["Title of our Scenario outline"]]>
              </value>
            </param>
            <param index="1">
              <value>
                <![CDATA["Error Validation"]]>
              </value>
            </param>
          </params>
          <reporter-output>
          </reporter-output>
        </test-method> <!-- runScenario -->
        <test-method is-config="true" signature="tearDownClass()[pri:0, instance:com.stepDef.TestNgrunners@15b204a1]" started-at="2026-03-02T09:52:43 IST" name="tearDownClass" finished-at="2026-03-02T09:52:43 IST" duration-ms="13" status="PASS">
          <reporter-output>
          </reporter-output>
        </test-method> <!-- tearDownClass -->
      </class> <!-- com.stepDef.TestNgrunners -->
    </test> <!-- Surefire test -->
  </suite> <!-- Surefire suite -->
</testng-results>
